\BOOKMARK [0][-]{chapter.1}{Introducci\363n}{}% 1
\BOOKMARK [1][-]{section.1.1}{Planteamiento del problema}{chapter.1}% 2
\BOOKMARK [1][-]{section.1.2}{Soluci\363n propuesta}{chapter.1}% 3
\BOOKMARK [1][-]{section.1.3}{Justificaci\363n}{chapter.1}% 4
\BOOKMARK [1][-]{section.1.4}{Alcance}{chapter.1}% 5
\BOOKMARK [1][-]{section.1.5}{Objetivos}{chapter.1}% 6
\BOOKMARK [2][-]{subsection.1.5.1}{Objetivo general}{section.1.5}% 7
\BOOKMARK [2][-]{subsection.1.5.2}{Objetivos espec\355ficos}{section.1.5}% 8
\BOOKMARK [1][-]{section.1.6}{Estado del arte}{chapter.1}% 9
\BOOKMARK [0][-]{chapter.2}{Marco Te\363rico}{}% 10
\BOOKMARK [1][-]{section.2.1}{Sensores}{chapter.2}% 11
\BOOKMARK [0][-]{chapter.3}{An\341lisis}{}% 12
\BOOKMARK [1][-]{section.3.1}{Requerimientos del sistema}{chapter.3}% 13
\BOOKMARK [1][-]{section.3.2}{An\341lisis de componentes del sistema}{chapter.3}% 14
\BOOKMARK [2][-]{subsection.3.2.1}{Sensor de temperatura}{section.3.2}% 15
\BOOKMARK [2][-]{subsection.3.2.2}{Sensor de pulso}{section.3.2}% 16
\BOOKMARK [2][-]{subsection.3.2.3}{M\363dulo de comunicaci\363n GSM}{section.3.2}% 17
\BOOKMARK [2][-]{subsection.3.2.4}{Microcontrolador}{section.3.2}% 18
\BOOKMARK [2][-]{subsection.3.2.5}{Sistema operativo m\363vil}{section.3.2}% 19
\BOOKMARK [-1][-]{part.1}{I Dise\361o de la Estructura del Sistema}{}% 20
\BOOKMARK [0][-]{chapter.4}{Metodolog\355a}{part.1}% 21
\BOOKMARK [0][-]{chapter.5}{An\341lisis de Factibilidad}{part.1}% 22
\BOOKMARK [1][-]{section.5.1}{An\341lisis de Factibilidad}{chapter.5}% 23
\BOOKMARK [2][-]{subsection.5.1.1}{Factibilidad T\351cnica}{section.5.1}% 24
\BOOKMARK [2][-]{subsection.5.1.2}{Factibilidad Econ\363mica}{section.5.1}% 25
\BOOKMARK [0][-]{chapter.6}{Arquitectura del Sistema}{part.1}% 26
\BOOKMARK [1][-]{section.6.1}{Arquitectura f\355sica del sistema}{chapter.6}% 27
\BOOKMARK [1][-]{section.6.2}{Arquitectura l\363gica del sistema}{chapter.6}% 28
\BOOKMARK [0][-]{chapter.7}{Modelo de Negocio}{part.1}% 29
\BOOKMARK [1][-]{section.7.1}{Reglas de negocio}{chapter.7}% 30
\BOOKMARK [1][-]{section.7.2}{Actores del sistema}{chapter.7}% 31
\BOOKMARK [2][-]{subsection.7.2.1}{Paciente}{section.7.2}% 32
\BOOKMARK [0][-]{chapter.8}{Modelo de Comportamiento}{part.1}% 33
\BOOKMARK [1][-]{section.8.1}{M\363dulos del sistema}{chapter.8}% 34
\BOOKMARK [1][-]{section.8.2}{Modelo de comportamiento del m\363dulo Aplicaci\363n M\363vil}{chapter.8}% 35
\BOOKMARK [1][-]{section.8.3}{Modelo de comportamiento del m\363dulo Sistema Externo}{chapter.8}% 36
\BOOKMARK [1][-]{section.8.4}{Modelo de comportamiento del m\363dulo Sistema Interno}{chapter.8}% 37
\BOOKMARK [1][-]{section.8.5}{Casos de uso del m\363dulo Aplicaci\363n M\363vil}{chapter.8}% 38
\BOOKMARK [1][-]{section.8.6}{CU1 Consultar pacientes}{chapter.8}% 39
\BOOKMARK [2][-]{subsection.8.6.1}{Resumen}{section.8.6}% 40
\BOOKMARK [2][-]{subsection.8.6.2}{Descripci\363n}{section.8.6}% 41
\BOOKMARK [2][-]{subsection.8.6.3}{Trayectorias del caso de uso}{section.8.6}% 42
\BOOKMARK [2][-]{subsection.8.6.4}{Puntos de extensi\363n}{section.8.6}% 43
\BOOKMARK [0][-]{chapter.9}{Modelo de Interacci\363n con el Usuario}{part.1}% 44
\BOOKMARK [1][-]{section.9.1}{Entorno de trabajo}{chapter.9}% 45
\BOOKMARK [1][-]{section.9.2}{Interfaces de usuario}{chapter.9}% 46
\BOOKMARK [2][-]{subsection.9.2.1}{IU1 Consultar pacientes}{section.9.2}% 47
\BOOKMARK [1][-]{section.9.3}{Dise\361o de mensajes}{chapter.9}% 48
\BOOKMARK [2][-]{subsection.9.3.1}{Par\341metros comunes}{section.9.3}% 49
\BOOKMARK [2][-]{subsection.9.3.2}{Mensajes a trav\351s de la pantalla}{section.9.3}% 50
\BOOKMARK [-1][-]{part.2}{II Implementaci\363n}{}% 51
\BOOKMARK [0][-]{chapter.10}{Avances y pruebas}{part.2}% 52
\BOOKMARK [1][-]{section.10.1}{Sensores de pulso}{chapter.10}% 53
\BOOKMARK [0][-]{chapter*.16}{Referencias}{part.2}% 54
