This is pdfTeX, Version 3.14159265-2.6-1.40.19 (MiKTeX 2.9.6930 64-bit) (preloaded format=pdflatex 2019.3.20)  15 APR 2019 13:01
entering extended mode
**./analisis.tex
(analisis.tex
LaTeX2e <2018-12-01>
("C:\Program Files\MiKTeX 2.9\tex/latex/base\book.cls"
Document Class: book 2018/09/03 v1.4i Standard LaTeX document class
("C:\Program Files\MiKTeX 2.9\tex/latex/base\bk12.clo"
File: bk12.clo 2018/09/03 v1.4i Standard LaTeX file (size option)
)
\c@part=\count80
\c@chapter=\count81
\c@section=\count82
\c@subsection=\count83
\c@subsubsection=\count84
\c@paragraph=\count85
\c@subparagraph=\count86
\c@figure=\count87
\c@table=\count88
\abovecaptionskip=\skip41
\belowcaptionskip=\skip42
\bibindent=\dimen102
) (cdt/cdtBusiness.sty

LaTeX Warning: You have requested package `cdt/cdtBusiness',
               but the package provides `cdtBusiness'.

Package: cdtBusiness 2013/06/20, v1.0 CDT-ESCOM-IPN Paquete para escribir Model
os de procesos con base en Business Motivation Model de la OMG.
(cdt/cdtAnalisis.sty

LaTeX Warning: You have requested package `cdt/cdtAnalisis',
               but the package provides `cdtAnalisis'.

Package: cdtAnalisis 2013/04/06, v2.3 CDT-ESCOM-IPN Paquete para escribir docum
entos de An\unhbox \voidb@x \bgroup \let \unhbox \voidb@x \setbox \@tempboxa \h
box {a\global \mathchardef \accent@spacefactor \spacefactor }\accent 19 a\egrou
p \spacefactor \accent@spacefactor lisis de Requerimeintos
(cdt/cdtBook.sty

LaTeX Warning: You have requested package `cdt/cdtBook',
               but the package provides `cdtBook'.

Package: cdtBook 2013/04/06, v1.1 CDT-ESCOM-IPN Plantilla para reportes de la C
oordinaci\unhbox \voidb@x \bgroup \let \unhbox \voidb@x \setbox \@tempboxa \hbo
x {o\global \mathchardef \accent@spacefactor \spacefactor }\accent 19 o\egroup 
\spacefactor \accent@spacefactor n
(cdt/cdtTheme.sty

LaTeX Warning: You have requested package `cdt/cdtTheme',
               but the package provides `cdtTheme'.

Package: cdtTheme 2012/07/27, v1.0 CDT-ESCOM-IPN Plantilla para definir el esti
lo de la documentaci\unhbox \voidb@x \bgroup \let \unhbox \voidb@x \setbox \@te
mpboxa \hbox {o\global \mathchardef \accent@spacefactor \spacefactor }\accent 1
9 o\egroup \spacefactor \accent@spacefactor n de CDT
("C:\Program Files\MiKTeX 2.9\tex/latex/base\inputenc.sty"
Package: inputenc 2018/08/11 v1.3c Input encoding file
\inpenc@prehook=\toks14
\inpenc@posthook=\toks15
)
("C:\Program Files\MiKTeX 2.9\tex/generic/babel\babel.sty"
Package: babel 2018/11/13 3.27 The Babel package

("C:\Program Files\MiKTeX 2.9\tex/generic/babel\switch.def"
File: switch.def 2018/11/13 3.27 Babel switching mechanism
)
*************************************
* Local config file bblopts.cfg used
*
("C:\Program Files\MiKTeX 2.9\tex/latex/arabi\bblopts.cfg"
File: bblopts.cfg 2005/09/08 v0.1 add Arabic and Farsi to "declared" options of
 babel
)
("C:\Program Files\MiKTeX 2.9\tex/latex/babel-spanish\spanish.ldf"
Language: spanish.ldf 2016/03/03 v5.0p Spanish support from the babel system

("C:\Program Files\MiKTeX 2.9\tex/generic/babel\babel.def"
File: babel.def 2018/11/13 3.27 Babel common definitions
\babel@savecnt=\count89
\U@D=\dimen103

("C:\Program Files\MiKTeX 2.9\tex/generic/babel\txtbabel.def")
\bbl@dirlevel=\count90
)
\es@quottoks=\toks16
\es@quotdepth=\count91
Package babel Info: Making " an active character on input line 561.
Package babel Info: Making . an active character on input line 662.
Package babel Info: Making < an active character on input line 707.
Package babel Info: Making > an active character on input line 707.
))
("C:\Program Files\MiKTeX 2.9\tex/latex/wasysym\wasysym.sty"
Package: wasysym 2003/10/30 v2.0 Wasy-2 symbol support package
\symwasy=\mathgroup4
LaTeX Font Info:    Overwriting symbol font `wasy' in version `bold'
(Font)                  U/wasy/m/n --> U/wasy/b/n on input line 90.
)
("C:\Program Files\MiKTeX 2.9\tex/latex/marvosym\marvosym.sty"
Package: marvosym 2011/07/20 v2.2 Martin Vogel's Symbols font definitions
)
("C:\Program Files\MiKTeX 2.9\tex/latex/cmbright\cmbright.sty"
Package: cmbright 2005/04/13 v8.1 (WaS)
LaTeX Font Info:    Redeclaring symbol font `operators' on input line 29.
LaTeX Font Info:    Overwriting symbol font `operators' in version `normal'
(Font)                  OT1/cmr/m/n --> OT1/cmbr/m/n on input line 29.
LaTeX Font Info:    Overwriting symbol font `operators' in version `bold'
(Font)                  OT1/cmr/bx/n --> OT1/cmbr/m/n on input line 29.
LaTeX Font Info:    Redeclaring symbol font `letters' on input line 30.
LaTeX Font Info:    Overwriting symbol font `letters' in version `normal'
(Font)                  OML/cmm/m/it --> OML/cmbrm/m/it on input line 30.
LaTeX Font Info:    Overwriting symbol font `letters' in version `bold'
(Font)                  OML/cmm/b/it --> OML/cmbrm/m/it on input line 30.
LaTeX Font Info:    Overwriting symbol font `letters' in version `bold'
(Font)                  OML/cmbrm/m/it --> OML/cmbrm/b/it on input line 31.
LaTeX Font Info:    Redeclaring symbol font `symbols' on input line 32.
LaTeX Font Info:    Overwriting symbol font `symbols' in version `normal'
(Font)                  OMS/cmsy/m/n --> OMS/cmbrs/m/n on input line 32.
LaTeX Font Info:    Overwriting symbol font `symbols' in version `bold'
(Font)                  OMS/cmsy/b/n --> OMS/cmbrs/m/n on input line 32.
LaTeX Font Info:    Redeclaring math alphabet \mathit on input line 33.
LaTeX Font Info:    Overwriting math alphabet `\mathit' in version `normal'
(Font)                  OT1/cmr/m/it --> OT1/cmbr/m/sl on input line 33.
LaTeX Font Info:    Overwriting math alphabet `\mathit' in version `bold'
(Font)                  OT1/cmr/bx/it --> OT1/cmbr/m/sl on input line 33.
LaTeX Font Info:    Redeclaring math alphabet \mathbf on input line 34.
LaTeX Font Info:    Overwriting math alphabet `\mathbf' in version `normal'
(Font)                  OT1/cmr/bx/n --> OT1/cmbr/bx/n on input line 34.
LaTeX Font Info:    Overwriting math alphabet `\mathbf' in version `bold'
(Font)                  OT1/cmr/bx/n --> OT1/cmbr/bx/n on input line 34.
LaTeX Font Info:    Redeclaring math alphabet \mathtt on input line 35.
LaTeX Font Info:    Overwriting math alphabet `\mathtt' in version `normal'
(Font)                  OT1/cmtt/m/n --> OT1/cmtl/m/n on input line 35.
LaTeX Font Info:    Overwriting math alphabet `\mathtt' in version `bold'
(Font)                  OT1/cmtt/m/n --> OT1/cmtl/m/n on input line 35.
LaTeX Font Info:    Redeclaring math symbol \alpha on input line 37.
LaTeX Font Info:    Redeclaring math symbol \beta on input line 38.
LaTeX Font Info:    Redeclaring math symbol \gamma on input line 39.
LaTeX Font Info:    Redeclaring math symbol \delta on input line 40.
LaTeX Font Info:    Redeclaring math symbol \epsilon on input line 41.
LaTeX Font Info:    Redeclaring math symbol \zeta on input line 42.
LaTeX Font Info:    Redeclaring math symbol \eta on input line 43.
LaTeX Font Info:    Redeclaring math symbol \theta on input line 44.
LaTeX Font Info:    Redeclaring math symbol \iota on input line 45.
LaTeX Font Info:    Redeclaring math symbol \kappa on input line 46.
LaTeX Font Info:    Redeclaring math symbol \lambda on input line 47.
LaTeX Font Info:    Redeclaring math symbol \mu on input line 48.
LaTeX Font Info:    Redeclaring math symbol \nu on input line 49.
LaTeX Font Info:    Redeclaring math symbol \xi on input line 50.
LaTeX Font Info:    Redeclaring math symbol \pi on input line 51.
LaTeX Font Info:    Redeclaring math symbol \rho on input line 52.
LaTeX Font Info:    Redeclaring math symbol \sigma on input line 53.
LaTeX Font Info:    Redeclaring math symbol \tau on input line 54.
LaTeX Font Info:    Redeclaring math symbol \upsilon on input line 55.
LaTeX Font Info:    Redeclaring math symbol \phi on input line 56.
LaTeX Font Info:    Redeclaring math symbol \chi on input line 57.
LaTeX Font Info:    Redeclaring math symbol \psi on input line 58.
LaTeX Font Info:    Redeclaring math symbol \omega on input line 59.
LaTeX Font Info:    Redeclaring math symbol \varepsilon on input line 60.
LaTeX Font Info:    Redeclaring math symbol \vartheta on input line 61.
LaTeX Font Info:    Redeclaring math symbol \varpi on input line 62.
LaTeX Font Info:    Redeclaring math symbol \varrho on input line 63.
LaTeX Font Info:    Redeclaring math symbol \varsigma on input line 64.
LaTeX Font Info:    Redeclaring math symbol \varphi on input line 65.
LaTeX Info: Redefining \LaTeX on input line 129.
LaTeX Info: Redefining \LaTeXe on input line 139.
LaTeX Font Info:    Try loading font information for OT1+cmbr on input line 144
.

("C:\Program Files\MiKTeX 2.9\tex/latex/cmbright\ot1cmbr.fd"
File: ot1cmbr.fd 2005/04/13 v8.1 (WaS)
))
("C:\Program Files\MiKTeX 2.9\tex/latex/graphics\graphicx.sty"
Package: graphicx 2017/06/01 v1.1a Enhanced LaTeX Graphics (DPC,SPQR)

("C:\Program Files\MiKTeX 2.9\tex/latex/graphics\keyval.sty"
Package: keyval 2014/10/28 v1.15 key=value parser (DPC)
\KV@toks@=\toks17
)
("C:\Program Files\MiKTeX 2.9\tex/latex/graphics\graphics.sty"
Package: graphics 2017/06/25 v1.2c Standard LaTeX Graphics (DPC,SPQR)

("C:\Program Files\MiKTeX 2.9\tex/latex/graphics\trig.sty"
Package: trig 2016/01/03 v1.10 sin cos tan (DPC)
)
("C:\Program Files\MiKTeX 2.9\tex/latex/graphics-cfg\graphics.cfg"
File: graphics.cfg 2016/06/04 v1.11 sample graphics configuration
)
Package graphics Info: Driver file: pdftex.def on input line 99.

("C:\Program Files\MiKTeX 2.9\tex/latex/graphics-def\pdftex.def"
File: pdftex.def 2018/01/08 v1.0l Graphics/color driver for pdftex
))
\Gin@req@height=\dimen104
\Gin@req@width=\dimen105
)
("C:\Program Files\MiKTeX 2.9\tex/latex/xcolor\xcolor.sty"
Package: xcolor 2016/05/11 v2.12 LaTeX color extensions (UK)

("C:\Program Files\MiKTeX 2.9\tex/latex/graphics-cfg\color.cfg"
File: color.cfg 2016/01/02 v1.6 sample color configuration
)
Package xcolor Info: Package option `usenames' ignored on input line 216.
Package xcolor Info: Driver file: pdftex.def on input line 225.
Package xcolor Info: Model `cmy' substituted by `cmy0' on input line 1348.
Package xcolor Info: Model `hsb' substituted by `rgb' on input line 1352.
Package xcolor Info: Model `RGB' extended on input line 1364.
Package xcolor Info: Model `HTML' substituted by `rgb' on input line 1366.
Package xcolor Info: Model `Hsb' substituted by `hsb' on input line 1367.
Package xcolor Info: Model `tHsb' substituted by `hsb' on input line 1368.
Package xcolor Info: Model `HSB' substituted by `hsb' on input line 1369.
Package xcolor Info: Model `Gray' substituted by `gray' on input line 1370.
Package xcolor Info: Model `wave' substituted by `hsb' on input line 1371.

("C:\Program Files\MiKTeX 2.9\tex/latex/graphics\dvipsnam.def"
File: dvipsnam.def 2016/06/17 v3.0m Driver-dependent file (DPC,SPQR)
))
("C:\Program Files\MiKTeX 2.9\tex/latex/wallpaper\wallpaper.sty"
Package: wallpaper 2005/01/18, v1.01 easy wallpaper formatting (MHFW)

("C:\Program Files\MiKTeX 2.9\tex/latex/base\ifthen.sty"
Package: ifthen 2014/09/29 v1.1c Standard LaTeX ifthen package (DPC)
)
("C:\Program Files\MiKTeX 2.9\tex/latex/tools\calc.sty"
Package: calc 2017/05/25 v4.3 Infix arithmetic (KKT,FJ)
\calc@Acount=\count92
\calc@Bcount=\count93
\calc@Adimen=\dimen106
\calc@Bdimen=\dimen107
\calc@Askip=\skip43
\calc@Bskip=\skip44
LaTeX Info: Redefining \setlength on input line 80.
LaTeX Info: Redefining \addtolength on input line 81.
\calc@Ccount=\count94
\calc@Cskip=\skip45
)
("C:\Program Files\MiKTeX 2.9\tex/latex/eso-pic\eso-pic.sty"
Package: eso-pic 2018/04/12 v2.0h eso-pic (RN)

("C:\Program Files\MiKTeX 2.9\tex/generic/oberdiek\atbegshi.sty"
Package: atbegshi 2016/06/09 v1.18 At begin shipout hook (HO)

("C:\Program Files\MiKTeX 2.9\tex/generic/oberdiek\infwarerr.sty"
Package: infwarerr 2016/05/16 v1.4 Providing info/warning/error messages (HO)
)
("C:\Program Files\MiKTeX 2.9\tex/generic/oberdiek\ltxcmds.sty"
Package: ltxcmds 2016/05/16 v1.23 LaTeX kernel commands for general use (HO)
)
("C:\Program Files\MiKTeX 2.9\tex/generic/oberdiek\ifpdf.sty"
Package: ifpdf 2018/09/07 v3.3 Provides the ifpdf switch
)))
\wpXoffset=\skip46
\wpYoffset=\skip47
\tileXoffset=\skip48
\tileYoffset=\skip49
\tilewidth=\skip50
\tileheight=\skip51
\tileX=\skip52
\tileY=\skip53
)
("C:\Program Files\MiKTeX 2.9\tex/latex/fancyhdr\fancyhdr.sty"
Package: fancyhdr 2019/01/31 v3.10 Extensive control of page headers and footer
s
\f@nch@headwidth=\skip54
\f@nch@O@elh=\skip55
\f@nch@O@erh=\skip56
\f@nch@O@olh=\skip57
\f@nch@O@orh=\skip58
\f@nch@O@elf=\skip59
\f@nch@O@erf=\skip60
\f@nch@O@olf=\skip61
\f@nch@O@orf=\skip62
)
("C:\Program Files\MiKTeX 2.9\tex/latex/geometry\geometry.sty"
Package: geometry 2018/04/16 v5.8 Page Geometry

("C:\Program Files\MiKTeX 2.9\tex/generic/oberdiek\ifvtex.sty"
Package: ifvtex 2016/05/16 v1.6 Detect VTeX and its facilities (HO)
Package ifvtex Info: VTeX not detected.
)
("C:\Program Files\MiKTeX 2.9\tex/generic/ifxetex\ifxetex.sty"
Package: ifxetex 2010/09/12 v0.6 Provides ifxetex conditional
)
\Gm@cnth=\count95
\Gm@cntv=\count96
\c@Gm@tempcnt=\count97
\Gm@bindingoffset=\dimen108
\Gm@wd@mp=\dimen109
\Gm@odd@mp=\dimen110
\Gm@even@mp=\dimen111
\Gm@layoutwidth=\dimen112
\Gm@layoutheight=\dimen113
\Gm@layouthoffset=\dimen114
\Gm@layoutvoffset=\dimen115
\Gm@dimlist=\toks18

("C:\Program Files\MiKTeX 2.9\tex/latex/geometry\geometry.cfg"))
("C:\Program Files\MiKTeX 2.9\tex/latex/fncychap\fncychap.sty"
Package: fncychap 2007/07/30 v1.34 LaTeX package (Revised chapters)
\RW=\skip63
\mylen=\skip64
\myhi=\skip65
\px=\skip66
\py=\skip67
\pyy=\skip68
\pxx=\skip69
)
("C:\Program Files\MiKTeX 2.9\tex/latex/url\url.sty"
\Urlmuskip=\muskip10
Package: url 2013/09/16  ver 3.4  Verb mode for urls, etc.
)
("C:\Program Files\MiKTeX 2.9\tex/latex/hyperref\hyperref.sty"
Package: hyperref 2018/11/30 v6.88e Hypertext links for LaTeX

("C:\Program Files\MiKTeX 2.9\tex/generic/oberdiek\hobsub-hyperref.sty"
Package: hobsub-hyperref 2016/05/16 v1.14 Bundle oberdiek, subset hyperref (HO)


("C:\Program Files\MiKTeX 2.9\tex/generic/oberdiek\hobsub-generic.sty"
Package: hobsub-generic 2016/05/16 v1.14 Bundle oberdiek, subset generic (HO)
Package: hobsub 2016/05/16 v1.14 Construct package bundles (HO)
Package hobsub Info: Skipping package `infwarerr' (already loaded).
Package hobsub Info: Skipping package `ltxcmds' (already loaded).
Package: ifluatex 2016/05/16 v1.4 Provides the ifluatex switch (HO)
Package ifluatex Info: LuaTeX not detected.
Package hobsub Info: Skipping package `ifvtex' (already loaded).
Package: intcalc 2016/05/16 v1.2 Expandable calculations with integers (HO)
Package hobsub Info: Skipping package `ifpdf' (already loaded).
Package: etexcmds 2016/05/16 v1.6 Avoid name clashes with e-TeX commands (HO)
Package: kvsetkeys 2016/05/16 v1.17 Key value parser (HO)
Package: kvdefinekeys 2016/05/16 v1.4 Define keys (HO)
Package: pdftexcmds 2018/09/10 v0.29 Utility functions of pdfTeX for LuaTeX (HO
)
Package pdftexcmds Info: LuaTeX not detected.
Package pdftexcmds Info: \pdf@primitive is available.
Package pdftexcmds Info: \pdf@ifprimitive is available.
Package pdftexcmds Info: \pdfdraftmode found.
Package: pdfescape 2016/05/16 v1.14 Implements pdfTeX's escape features (HO)
Package: bigintcalc 2016/05/16 v1.4 Expandable calculations on big integers (HO
)
Package: bitset 2016/05/16 v1.2 Handle bit-vector datatype (HO)
Package: uniquecounter 2016/05/16 v1.3 Provide unlimited unique counter (HO)
)
Package hobsub Info: Skipping package `hobsub' (already loaded).
Package: letltxmacro 2016/05/16 v1.5 Let assignment for LaTeX macros (HO)
Package: hopatch 2016/05/16 v1.3 Wrapper for package hooks (HO)
Package: xcolor-patch 2016/05/16 xcolor patch
Package: atveryend 2016/05/16 v1.9 Hooks at the very end of document (HO)
Package atveryend Info: \enddocument detected (standard20110627).
Package hobsub Info: Skipping package `atbegshi' (already loaded).
Package: refcount 2016/05/16 v3.5 Data extraction from label references (HO)
Package: hycolor 2016/05/16 v1.8 Color options for hyperref/bookmark (HO)
)
("C:\Program Files\MiKTeX 2.9\tex/latex/oberdiek\auxhook.sty"
Package: auxhook 2016/05/16 v1.4 Hooks for auxiliary files (HO)
)
("C:\Program Files\MiKTeX 2.9\tex/latex/oberdiek\kvoptions.sty"
Package: kvoptions 2016/05/16 v3.12 Key value format for package options (HO)
)
\@linkdim=\dimen116
\Hy@linkcounter=\count98
\Hy@pagecounter=\count99

("C:\Program Files\MiKTeX 2.9\tex/latex/hyperref\pd1enc.def"
File: pd1enc.def 2018/11/30 v6.88e Hyperref: PDFDocEncoding definition (HO)
Now handling font encoding PD1 ...
... no UTF-8 mapping file for font encoding PD1
)
\Hy@SavedSpaceFactor=\count100

("C:\Program Files\MiKTeX 2.9\tex/latex/00miktex\hyperref.cfg"
File: hyperref.cfg 2002/06/06 v1.2 hyperref configuration of TeXLive
)
Package hyperref Info: Option `bookmarks' set `true' on input line 4393.
Package hyperref Info: Option `colorlinks' set `true' on input line 4393.
Package hyperref Info: Hyper figures OFF on input line 4519.
Package hyperref Info: Link nesting OFF on input line 4524.
Package hyperref Info: Hyper index ON on input line 4527.
Package hyperref Info: Plain pages OFF on input line 4534.
Package hyperref Info: Backreferencing OFF on input line 4539.
Package hyperref Info: Implicit mode ON; LaTeX internals redefined.
Package hyperref Info: Bookmarks ON on input line 4772.
\c@Hy@tempcnt=\count101
LaTeX Info: Redefining \url on input line 5125.
\XeTeXLinkMargin=\dimen117
\Fld@menulength=\count102
\Field@Width=\dimen118
\Fld@charsize=\dimen119
Package hyperref Info: Hyper figures OFF on input line 6380.
Package hyperref Info: Link nesting OFF on input line 6385.
Package hyperref Info: Hyper index ON on input line 6388.
Package hyperref Info: backreferencing OFF on input line 6395.
Package hyperref Info: Link coloring ON on input line 6398.
Package hyperref Info: Link coloring with OCG OFF on input line 6405.
Package hyperref Info: PDF/A mode OFF on input line 6410.
LaTeX Info: Redefining \ref on input line 6450.
LaTeX Info: Redefining \pageref on input line 6454.
\Hy@abspage=\count103
\c@Item=\count104
\c@Hfootnote=\count105
)
Package hyperref Info: Driver: hpdftex.

("C:\Program Files\MiKTeX 2.9\tex/latex/hyperref\hpdftex.def"
File: hpdftex.def 2018/11/30 v6.88e Hyperref driver for pdfTeX
\Fld@listcount=\count106
\c@bookmark@seq@number=\count107

("C:\Program Files\MiKTeX 2.9\tex/latex/oberdiek\rerunfilecheck.sty"
Package: rerunfilecheck 2016/05/16 v1.8 Rerun checks for auxiliary files (HO)
Package uniquecounter Info: New unique counter `rerunfilecheck' on input line 2
82.
)
\Hy@SectionHShift=\skip70
))
("C:\Program Files\MiKTeX 2.9\tex/latex/tools\longtable.sty"
Package: longtable 2014/10/28 v4.11 Multi-page Table package (DPC)
\LTleft=\skip71
\LTright=\skip72
\LTpre=\skip73
\LTpost=\skip74
\LTchunksize=\count108
\LTcapwidth=\dimen120
\LT@head=\box27
\LT@firsthead=\box28
\LT@foot=\box29
\LT@lastfoot=\box30
\LT@cols=\count109
\LT@rows=\count110
\c@LT@tables=\count111
\c@LT@chunks=\count112
\LT@p@ftn=\toks19
)
("C:\Program Files\MiKTeX 2.9\tex/latex/colortbl\colortbl.sty"
Package: colortbl 2018/12/12 v1.0d Color table columns (DPC)

("C:\Program Files\MiKTeX 2.9\tex/latex/tools\array.sty"
Package: array 2018/11/13 v2.4j Tabular extension package (FMi)
\col@sep=\dimen121
\ar@mcellbox=\box31
\extrarowheight=\dimen122
\NC@list=\toks20
\extratabsurround=\skip75
\backup@length=\skip76
\ar@cellbox=\box32
)
\everycr=\toks21
\minrowclearance=\skip77
)
("C:\Program Files\MiKTeX 2.9\tex/latex/multirow\multirow.sty"
Package: multirow 2019/01/01 v2.4 Span multiple rows of a table
\multirow@colwidth=\skip78
\multirow@cntb=\count113
\multirow@dima=\skip79
\bigstrutjot=\dimen123
))
("C:\Program Files\MiKTeX 2.9\tex/latex/chapterfolder\chapterfolder.sty"
Package: chapterfolder 2005/11/24 v2.0 Package for dealing with folder
\c@@cf@currentpos=\count114
)
("C:\Program Files\MiKTeX 2.9\tex/latex/keystroke\keystroke.sty"
Package: keystroke 2010/04/23 v1.6 3D keystrokes (SuSE GmbH/RN)
\suse@key=\box33
\keystroke@left=\box34
\keystroke@right=\box35
\keystroke@middle=\box36
<keystroke_left.pdf, id=1, 42.1575pt x 195.73125pt>
File: keystroke_left.pdf Graphic file (type pdf)
<use keystroke_left.pdf>
Package pdftex.def Info: keystroke_left.pdf  used on input line 171.
(pdftex.def)             Requested size: 42.15738pt x 195.73076pt.
<keystroke_middle.pdf, id=2, 116.435pt x 195.73125pt>
File: keystroke_middle.pdf Graphic file (type pdf)
<use keystroke_middle.pdf>
Package pdftex.def Info: keystroke_middle.pdf  used on input line 172.
(pdftex.def)             Requested size: 116.43471pt x 195.73076pt.
<keystroke_right.pdf, id=3, 42.1575pt x 195.73125pt>
File: keystroke_right.pdf Graphic file (type pdf)
<use keystroke_right.pdf>
Package pdftex.def Info: keystroke_right.pdf  used on input line 173.
(pdftex.def)             Requested size: 42.15738pt x 195.73076pt.
)
\c@counterUC=\count115
))
(requerimientos.sty
Package: requerimientos 2017/06/24 Paquete para la incorporaci\unhbox \voidb@x 
\bgroup \let \unhbox \voidb@x \setbox \@tempboxa \hbox {o\global \mathchardef \
accent@spacefactor \spacefactor }\accent 19 o\egroup \spacefactor \accent@space
factor n de entornos de trabajo para la toma de requerimientos
) (paear.sty)
("C:\Program Files\MiKTeX 2.9\tex/latex/subfigure\subfigure.sty"
Package: subfigure 2002/07/30 v2.1.4 subfigure package
\subfigtopskip=\skip80
\subfigcapskip=\skip81
\subfigcaptopadj=\dimen124
\subfigbottomskip=\skip82
\subfigcapmargin=\dimen125
\subfiglabelskip=\skip83
\c@subfigure=\count116
\c@lofdepth=\count117
\c@subtable=\count118
\c@lotdepth=\count119

****************************************
* Local config file subfigure.cfg used *
****************************************
("C:\Program Files\MiKTeX 2.9\tex/latex/subfigure\subfigure.cfg")
\subfig@top=\skip84
\subfig@bottom=\skip85
)
("C:\Program Files\MiKTeX 2.9\tex/latex/graphics\rotating.sty"
Package: rotating 2016/08/11 v2.16d rotated objects in LaTeX
\c@r@tfl@t=\count120
\rotFPtop=\skip86
\rotFPbot=\skip87
\rot@float@box=\box37
\rot@mess@toks=\toks22
)
("C:\Program Files\MiKTeX 2.9\tex/latex/tabulary\tabulary.sty"
Package: tabulary 2014/06/11 v0.10 tabulary package (DPC)
\TY@count=\count121
\TY@linewidth=\dimen126
\tymin=\dimen127
\tymax=\dimen128
\TY@tablewidth=\dimen129
)
("C:\Program Files\MiKTeX 2.9\tex/latex/makecell\makecell.sty"
Package: makecell 2009/08/03 V0.1e Managing of Tab Column Heads and Cells
\rotheadsize=\dimen130
\c@nlinenum=\count122
\TeXr@lab=\toks23
)
("C:\Program Files\MiKTeX 2.9\tex/latex/listings\listings.sty"
\lst@mode=\count123
\lst@gtempboxa=\box38
\lst@token=\toks24
\lst@length=\count124
\lst@currlwidth=\dimen131
\lst@column=\count125
\lst@pos=\count126
\lst@lostspace=\dimen132
\lst@width=\dimen133
\lst@newlines=\count127
\lst@lineno=\count128
\lst@maxwidth=\dimen134

("C:\Program Files\MiKTeX 2.9\tex/latex/listings\lstmisc.sty"
File: lstmisc.sty 2019/02/27 1.8b (Carsten Heinz)
\c@lstnumber=\count129
\lst@skipnumbers=\count130
\lst@framebox=\box39
)
("C:\Program Files\MiKTeX 2.9\tex/latex/listings\listings.cfg"
File: listings.cfg 2019/02/27 1.8b listings configuration
))
Package: listings 2019/02/27 1.8b (Carsten Heinz)

("C:\Program Files\MiKTeX 2.9\tex/latex/pdfpages\pdfpages.sty"
Package: pdfpages 2017/10/31 v0.5l Insert pages of external PDF documents (AM)
\AM@pagewidth=\dimen135
\AM@pageheight=\dimen136

("C:\Program Files\MiKTeX 2.9\tex/latex/pdfpages\pppdftex.def"
File: pppdftex.def 2017/10/31 v0.5l Pdfpages driver for pdfTeX (AM)
)
\AM@pagebox=\box40
\AM@global@opts=\toks25
\AM@toc@title=\toks26
\c@AM@survey=\count131
\AM@templatesizebox=\box41
) (analisis.aux
LaTeX Info: Redefining \. on input line 23.
LaTeX Info: Redefining \% on input line 23.


LaTeX Warning: Label `fig:casosUso:sistema' multiply defined.

)
\openout1 = `analisis.aux'.

LaTeX Font Info:    Checking defaults for OML/cmm/m/it on input line 62.
LaTeX Font Info:    ... okay on input line 62.
LaTeX Font Info:    Checking defaults for T1/cmr/m/n on input line 62.
LaTeX Font Info:    ... okay on input line 62.
LaTeX Font Info:    Checking defaults for OT1/cmr/m/n on input line 62.
LaTeX Font Info:    ... okay on input line 62.
LaTeX Font Info:    Checking defaults for OMS/cmsy/m/n on input line 62.
LaTeX Font Info:    ... okay on input line 62.
LaTeX Font Info:    Checking defaults for OMX/cmex/m/n on input line 62.
LaTeX Font Info:    ... okay on input line 62.
LaTeX Font Info:    Checking defaults for U/cmr/m/n on input line 62.
LaTeX Font Info:    ... okay on input line 62.
LaTeX Font Info:    Checking defaults for PD1/pdf/m/n on input line 62.
LaTeX Font Info:    ... okay on input line 62.
LaTeX Info: Redefining \. on input line 62.
LaTeX Info: Redefining \% on input line 62.
 ("C:\Program Files\MiKTeX 2.9\tex/context/base/mkii\supp-pdf.mkii"
[Loading MPS to PDF converter (version 2006.09.02).]
\scratchcounter=\count132
\scratchdimen=\dimen137
\scratchbox=\box42
\nofMPsegments=\count133
\nofMParguments=\count134
\everyMPshowfont=\toks27
\MPscratchCnt=\count135
\MPscratchDim=\dimen138
\MPnumerator=\count136
\makeMPintoPDFobject=\count137
\everyMPtoPDFconversion=\toks28
) ("C:\Program Files\MiKTeX 2.9\tex/latex/oberdiek\epstopdf-base.sty"
Package: epstopdf-base 2016/05/15 v2.6 Base part for package epstopdf

("C:\Program Files\MiKTeX 2.9\tex/latex/oberdiek\grfext.sty"
Package: grfext 2016/05/16 v1.2 Manage graphics extensions (HO)
)
Package epstopdf-base Info: Redefining graphics rule for `.eps' on input line 4
38.
Package grfext Info: Graphics extension search list:
(grfext)             [.pdf,.png,.jpg,.mps,.jpeg,.jbig2,.jb2,.PDF,.PNG,.JPG,.JPE
G,.JBIG2,.JB2,.eps]
(grfext)             \AppendGraphicsExtensions on input line 456.
)
\AtBeginShipoutBox=\box43

*geometry* driver: auto-detecting
*geometry* detected driver: pdftex
*geometry* verbose mode - [ preamble ] result:
* driver: pdftex
* paper: <default>
* layout: <same size as paper>
* layoutoffset:(h,v)=(0.0pt,0.0pt)
* modes: twoside 
* h-part:(L,W,R)=(85.35826pt, 443.57848pt, 85.35826pt)
* v-part:(T,H,B)=(99.58464pt, 595.8007pt, 99.58464pt)
* \paperwidth=614.295pt
* \paperheight=794.96999pt
* \textwidth=443.57848pt
* \textheight=595.8007pt
* \oddsidemargin=13.08827pt
* \evensidemargin=13.08827pt
* \topmargin=-4.55914pt
* \headheight=39.0pt
* \headsep=19.8738pt
* \topskip=12.0pt
* \footskip=30.0pt
* \marginparwidth=98.0pt
* \marginparsep=7.0pt
* \columnsep=10.0pt
* \skip\footins=10.8pt plus 4.0pt minus 2.0pt
* \hoffset=0.0pt
* \voffset=0.0pt
* \mag=1000
* \@twocolumnfalse
* \@twosidetrue
* \@mparswitchtrue
* \@reversemarginfalse
* (1in=72.27pt=25.4mm, 1cm=28.453pt)

Package hyperref Info: Link coloring ON on input line 62.
("C:\Program Files\MiKTeX 2.9\tex/latex/hyperref\nameref.sty"
Package: nameref 2016/05/21 v2.44 Cross-referencing by name of section

("C:\Program Files\MiKTeX 2.9\tex/generic/oberdiek\gettitlestring.sty"
Package: gettitlestring 2016/05/16 v1.5 Cleanup title references (HO)
)
\c@section@level=\count138
)
LaTeX Info: Redefining \ref on input line 62.
LaTeX Info: Redefining \pageref on input line 62.
LaTeX Info: Redefining \nameref on input line 62.

(analisis.out) (analisis.out)
\@outlinefile=\write3
\openout3 = `analisis.out'.

\c@lstlisting=\count139

("C:\Program Files\MiKTeX 2.9\tex/latex/oberdiek\pdflscape.sty"
Package: pdflscape 2016/05/14 v0.11 Display of landscape pages in PDF (HO)

("C:\Program Files\MiKTeX 2.9\tex/latex/graphics\lscape.sty"
Package: lscape 2000/10/22 v3.01 Landscape Pages (DPC)
)
Package pdflscape Info: Auto-detected driver: pdftex on input line 81.
)
<portada_TT1.pdf, id=282, 614.295pt x 794.97pt>
File: portada_TT1.pdf Graphic file (type pdf)
<use portada_TT1.pdf>
Package pdftex.def Info: portada_TT1.pdf  used on input line 71.
(pdftex.def)             Requested size: 614.29349pt x 794.96806pt.
File: portada_TT1.pdf Graphic file (type pdf)
<use portada_TT1.pdf>
Package pdftex.def Info: portada_TT1.pdf  used on input line 71.
(pdftex.def)             Requested size: 614.29349pt x 794.96806pt.
<portada_TT1.pdf, id=285, page=1, 614.295pt x 794.97pt>
File: portada_TT1.pdf Graphic file (type pdf)
<use portada_TT1.pdf, page 1>
Package pdftex.def Info: portada_TT1.pdf , page1 used on input line 71.
(pdftex.def)             Requested size: 614.29349pt x 794.96806pt.
File: portada_TT1.pdf Graphic file (type pdf)
<use portada_TT1.pdf, page 1>
Package pdftex.def Info: portada_TT1.pdf , page1 used on input line 71.
(pdftex.def)             Requested size: 614.58406pt x 795.3441pt.
File: portada_TT1.pdf Graphic file (type pdf)
<use portada_TT1.pdf, page 1>
Package pdftex.def Info: portada_TT1.pdf , page1 used on input line 71.
(pdftex.def)             Requested size: 614.58406pt x 795.3441pt.
File: portada_TT1.pdf Graphic file (type pdf)
<use portada_TT1.pdf, page 1>
Package pdftex.def Info: portada_TT1.pdf , page1 used on input line 71.
(pdftex.def)             Requested size: 614.58406pt x 795.3441pt.
File: portada_TT1.pdf Graphic file (type pdf)
<use portada_TT1.pdf, page 1>
Package pdftex.def Info: portada_TT1.pdf , page1 used on input line 71.
(pdftex.def)             Requested size: 614.58406pt x 795.3441pt.
 [1

 <./portada_TT1.pdf>]
<cdt/theme/headerIpn.jpg, id=317, 426.59375pt x 632.3625pt>
File: cdt/theme/headerIpn.jpg Graphic file (type jpg)
<use cdt/theme/headerIpn.jpg>
Package pdftex.def Info: cdt/theme/headerIpn.jpg  used on input line 87.
(pdftex.def)             Requested size: 23.60918pt x 35.0pt.
<cdt/theme/logoEscom.jpg, id=318, 131.03902pt x 89.34479pt>
File: cdt/theme/logoEscom.jpg Graphic file (type jpg)
<use cdt/theme/logoEscom.jpg>
Package pdftex.def Info: cdt/theme/logoEscom.jpg  used on input line 87.
(pdftex.def)             Requested size: 51.33295pt x 35.0pt.


Package Fancyhdr Warning: \headheight is too small (39.0pt): 
Make it at least 39.50005pt.
We now make it that large for the rest of the document.
This may cause the page layout to be inconsistent, however.

[2

{C:/Users/Adrian/AppData/Local/MiKTeX/2.9/pdftex/config/pdftex.map} <./cdt/them
e/headerIpn.jpg> <./cdt/theme/logoEscom.jpg>] (analisis.toc
LaTeX Info: Redefining \. on input line 1.
LaTeX Info: Redefining \% on input line 1.
LaTeX Font Info:    Try loading font information for OML+cmbrm on input line 3.


("C:\Program Files\MiKTeX 2.9\tex/latex/cmbright\omlcmbrm.fd"
File: omlcmbrm.fd 2005/04/13 v8.1 (WaS)
)
LaTeX Font Info:    Try loading font information for OMS+cmbrs on input line 3.


("C:\Program Files\MiKTeX 2.9\tex/latex/cmbright\omscmbrs.fd"
File: omscmbrs.fd 2005/04/13 v8.1 (WaS)
)
LaTeX Font Info:    External font `cmex10' loaded for size
(Font)              <12> on input line 3.
LaTeX Font Info:    External font `cmex10' loaded for size
(Font)              <8> on input line 3.
LaTeX Font Info:    External font `cmex10' loaded for size
(Font)              <6> on input line 3.
LaTeX Font Info:    Try loading font information for U+wasy on input line 3.

("C:\Program Files\MiKTeX 2.9\tex/latex/wasysym\uwasy.fd"
File: uwasy.fd 2003/10/30 v2.0 Wasy-2 symbol font definitions
)

LaTeX Font Warning: Font shape `OT1/cmbr/m/sc' undefined
(Font)              using `OT1/cmbr/m/n' instead on input line 25.


Package spanish Warning: Replacing `OT1/cmbr/m/sc' by 
(spanish)                faked small caps on input line 25.

[1

]
File: cdt/theme/headerIpn.jpg Graphic file (type jpg)
<use cdt/theme/headerIpn.jpg>
Package pdftex.def Info: cdt/theme/headerIpn.jpg  used on input line 70.
(pdftex.def)             Requested size: 23.60918pt x 35.0pt.
File: cdt/theme/logoEscom.jpg Graphic file (type jpg)
<use cdt/theme/logoEscom.jpg>
Package pdftex.def Info: cdt/theme/logoEscom.jpg  used on input line 70.
(pdftex.def)             Requested size: 51.33295pt x 35.0pt.


Package spanish Warning: Replacing `OT1/cmbr/m/sc' by 
(spanish)                faked small caps on input line 70.

[2])
\tf@toc=\write4
\openout4 = `analisis.toc'.

<cdt/theme/logoIpn.jpg, id=407, 426.59375pt x 632.3625pt>
File: cdt/theme/logoIpn.jpg Graphic file (type jpg)
<use cdt/theme/logoIpn.jpg>
Package pdftex.def Info: cdt/theme/logoIpn.jpg  used on input line 90.
(pdftex.def)             Requested size: 23.60918pt x 35.0pt.
<cdt/theme/headerEscom.jpg, id=408, 131.03902pt x 89.34479pt>
File: cdt/theme/headerEscom.jpg Graphic file (type jpg)
<use cdt/theme/headerEscom.jpg>
Package pdftex.def Info: cdt/theme/headerEscom.jpg  used on input line 90.
(pdftex.def)             Requested size: 51.33295pt x 35.0pt.


Package spanish Warning: Replacing `OT1/cmbr/m/sc' by 
(spanish)                faked small caps on input line 90.

[3 <./cdt/theme/logoIpn.jpg> <./cdt/theme/headerEscom.jpg>]
File: cdt/theme/headerIpn.jpg Graphic file (type jpg)
<use cdt/theme/headerIpn.jpg>
Package pdftex.def Info: cdt/theme/headerIpn.jpg  used on input line 90.
(pdftex.def)             Requested size: 23.60918pt x 35.0pt.
File: cdt/theme/logoEscom.jpg Graphic file (type jpg)
<use cdt/theme/logoEscom.jpg>
Package pdftex.def Info: cdt/theme/logoEscom.jpg  used on input line 90.
(pdftex.def)             Requested size: 51.33295pt x 35.0pt.


Package spanish Warning: Replacing `OT1/cmbr/m/sc' by 
(spanish)                faked small caps on input line 90.

[4

] (analisis.lof
LaTeX Info: Redefining \. on input line 1.
LaTeX Info: Redefining \% on input line 1.
)
\tf@lof=\write5
\openout5 = `analisis.lof'.



Package spanish Warning: Replacing `OT1/cmbr/m/sc' by 
(spanish)                faked small caps on input line 91.

[5]
File: cdt/theme/headerIpn.jpg Graphic file (type jpg)
<use cdt/theme/headerIpn.jpg>
Package pdftex.def Info: cdt/theme/headerIpn.jpg  used on input line 91.
(pdftex.def)             Requested size: 23.60918pt x 35.0pt.
File: cdt/theme/logoEscom.jpg Graphic file (type jpg)
<use cdt/theme/logoEscom.jpg>
Package pdftex.def Info: cdt/theme/logoEscom.jpg  used on input line 91.
(pdftex.def)             Requested size: 51.33295pt x 35.0pt.


Package spanish Warning: Replacing `OT1/cmbr/m/sc' by 
(spanish)                faked small caps on input line 91.

[6

] (analisis.lot
LaTeX Info: Redefining \. on input line 1.
LaTeX Info: Redefining \% on input line 1.
)
\tf@lot=\write6
\openout6 = `analisis.lot'.



Package spanish Warning: Replacing `OT1/cmbr/m/sc' by 
(spanish)                faked small caps on input line 92.

[7]
File: cdt/theme/headerIpn.jpg Graphic file (type jpg)
<use cdt/theme/headerIpn.jpg>
Package pdftex.def Info: cdt/theme/headerIpn.jpg  used on input line 92.
(pdftex.def)             Requested size: 23.60918pt x 35.0pt.
File: cdt/theme/logoEscom.jpg Graphic file (type jpg)
<use cdt/theme/logoEscom.jpg>
Package pdftex.def Info: cdt/theme/logoEscom.jpg  used on input line 92.
(pdftex.def)             Requested size: 51.33295pt x 35.0pt.


Package spanish Warning: Replacing `OT1/cmbr/m/sc' by 
(spanish)                faked small caps on input line 92.

[8

]
Cap\'{\i }tulo 1.
(Introduccion/introduccion.tex
Underfull \hbox (badness 10000) in paragraph at lines 7--8

 []


Underfull \hbox (badness 10000) in paragraph at lines 9--10

 []


Underfull \hbox (badness 10000) in paragraph at lines 11--12

 []

pdfTeX warning (ext4): destination with the same identifier (name{page.1}) has 
been already used, duplicate ignored
<to be read again> 
                   \relax 
l.14 
      [1

]
Underfull \hbox (badness 10000) in paragraph at lines 24--25

 []


Underfull \hbox (badness 10000) in paragraph at lines 28--29

 []

File: cdt/theme/headerIpn.jpg Graphic file (type jpg)
<use cdt/theme/headerIpn.jpg>
Package pdftex.def Info: cdt/theme/headerIpn.jpg  used on input line 43.
(pdftex.def)             Requested size: 23.60918pt x 35.0pt.
File: cdt/theme/logoEscom.jpg Graphic file (type jpg)
<use cdt/theme/logoEscom.jpg>
Package pdftex.def Info: cdt/theme/logoEscom.jpg  used on input line 43.
(pdftex.def)             Requested size: 51.33295pt x 35.0pt.
pdfTeX warning (ext4): destination with the same identifier (name{page.2}) has 
been already used, duplicate ignored
<to be read again> 
                   \relax 
l.43 \subsection
                {Objetivos específicos} [2]
LaTeX Font Info:    Try loading font information for OMS+cmbr on input line 45.


("C:\Program Files\MiKTeX 2.9\tex/latex/cmbright\omscmbr.fd"
File: omscmbr.fd 2005/04/13 v8.1 (WaS)
)
LaTeX Font Info:    Font shape `OMS/cmbr/m/n' in size <12> not available
(Font)              Font shape `OMS/cmbrs/m/n' tried instead on input line 45.

(Introduccion/estadoArte.tex
Underfull \hbox (badness 10000) in paragraph at lines 6--7

 []


Overfull \hbox (5.44734pt too wide) in paragraph at lines 8--10
\OT1/cmbr/m/sc/12 SOmart de-tec-ta el ac-ci-den-te au-tomati-ca-men-te uti-li-
zan-do los sen-so-res in-ter-nos del smartp-
 []


Underfull \hbox (badness 10000) in paragraph at lines 8--10

 []


Underfull \hbox (badness 10000) in paragraph at lines 16--17

 []

File: cdt/theme/logoIpn.jpg Graphic file (type jpg)
<use cdt/theme/logoIpn.jpg>
Package pdftex.def Info: cdt/theme/logoIpn.jpg  used on input line 17.
(pdftex.def)             Requested size: 23.60918pt x 35.0pt.
File: cdt/theme/headerEscom.jpg Graphic file (type jpg)
<use cdt/theme/headerEscom.jpg>
Package pdftex.def Info: cdt/theme/headerEscom.jpg  used on input line 17.
(pdftex.def)             Requested size: 51.33295pt x 35.0pt.
[3]
Underfull \hbox (badness 10000) in paragraph at lines 20--22

 []


Underfull \hbox (badness 10000) in paragraph at lines 23--25

 []


Underfull \hbox (badness 10000) in paragraph at lines 27--29

 []


Underfull \hbox (badness 10000) in paragraph at lines 30--32

 []


Underfull \hbox (badness 10000) in paragraph at lines 33--35

 []


Underfull \hbox (badness 10000) in paragraph at lines 38--39

 []


Underfull \hbox (badness 10000) in paragraph at lines 42--43

 []

File: cdt/theme/headerIpn.jpg Graphic file (type jpg)
<use cdt/theme/headerIpn.jpg>
Package pdftex.def Info: cdt/theme/headerIpn.jpg  used on input line 43.
(pdftex.def)             Requested size: 23.60918pt x 35.0pt.
File: cdt/theme/logoEscom.jpg Graphic file (type jpg)
<use cdt/theme/logoEscom.jpg>
Package pdftex.def Info: cdt/theme/logoEscom.jpg  used on input line 43.
(pdftex.def)             Requested size: 51.33295pt x 35.0pt.
[4]
Underfull \hbox (badness 10000) in paragraph at lines 44--45

 []


Underfull \hbox (badness 10000) in paragraph at lines 46--47

 []


Underfull \hbox (badness 10000) in paragraph at lines 48--49

 []

))
File: cdt/theme/logoIpn.jpg Graphic file (type jpg)
<use cdt/theme/logoIpn.jpg>
Package pdftex.def Info: cdt/theme/logoIpn.jpg  used on input line 104.
(pdftex.def)             Requested size: 23.60918pt x 35.0pt.
File: cdt/theme/headerEscom.jpg Graphic file (type jpg)
<use cdt/theme/headerEscom.jpg>
Package pdftex.def Info: cdt/theme/headerEscom.jpg  used on input line 104.
(pdftex.def)             Requested size: 51.33295pt x 35.0pt.
 [5]
File: cdt/theme/headerIpn.jpg Graphic file (type jpg)
<use cdt/theme/headerIpn.jpg>
Package pdftex.def Info: cdt/theme/headerIpn.jpg  used on input line 104.
(pdftex.def)             Requested size: 23.60918pt x 35.0pt.
File: cdt/theme/logoEscom.jpg Graphic file (type jpg)
<use cdt/theme/logoEscom.jpg>
Package pdftex.def Info: cdt/theme/logoEscom.jpg  used on input line 104.
(pdftex.def)             Requested size: 51.33295pt x 35.0pt.
 [6

]
Cap\'{\i }tulo 2.
(MarcoTeorico/marcoteorico.tex (MarcoTeorico/Introduccion.tex) [7]
(MarcoTeorico/SensoresSmartphone.tex
Underfull \hbox (badness 10000) in paragraph at lines 5--6

 []


Underfull \hbox (badness 10000) in paragraph at lines 7--8

 []


Underfull \hbox (badness 10000) in paragraph at lines 9--10

 []

<MarcoTeorico/imagenes/Acelerometro.png, id=488, 441.90094pt x 288.3272pt>
File: MarcoTeorico/imagenes/Acelerometro.png Graphic file (type png)
<use MarcoTeorico/imagenes/Acelerometro.png>
Package pdftex.def Info: MarcoTeorico/imagenes/Acelerometro.png  used on input 
line 16.
(pdftex.def)             Requested size: 266.14978pt x 173.66197pt.

Underfull \hbox (badness 10000) in paragraph at lines 23--25

 []

File: cdt/theme/headerIpn.jpg Graphic file (type jpg)
<use cdt/theme/headerIpn.jpg>
Package pdftex.def Info: cdt/theme/headerIpn.jpg  used on input line 25.
(pdftex.def)             Requested size: 23.60918pt x 35.0pt.
File: cdt/theme/logoEscom.jpg Graphic file (type jpg)
<use cdt/theme/logoEscom.jpg>
Package pdftex.def Info: cdt/theme/logoEscom.jpg  used on input line 25.
(pdftex.def)             Requested size: 51.33295pt x 35.0pt.
[8 <./MarcoTeorico/imagenes/Acelerometro.png>]
Underfull \hbox (badness 10000) in paragraph at lines 29--30

 []


Underfull \hbox (badness 10000) in paragraph at lines 31--32

 []


Underfull \hbox (badness 10000) in paragraph at lines 33--34

 []

<MarcoTeorico/imagenes/GPS.jpg, id=495, 301.125pt x 200.75pt>
File: MarcoTeorico/imagenes/GPS.jpg Graphic file (type jpg)
<use MarcoTeorico/imagenes/GPS.jpg>
Package pdftex.def Info: MarcoTeorico/imagenes/GPS.jpg  used on input line 38.
(pdftex.def)             Requested size: 177.42868pt x 118.29137pt.

Underfull \hbox (badness 10000) in paragraph at lines 44--45

 []

File: cdt/theme/logoIpn.jpg Graphic file (type jpg)
<use cdt/theme/logoIpn.jpg>
Package pdftex.def Info: cdt/theme/logoIpn.jpg  used on input line 45.
(pdftex.def)             Requested size: 23.60918pt x 35.0pt.
File: cdt/theme/headerEscom.jpg Graphic file (type jpg)
<use cdt/theme/headerEscom.jpg>
Package pdftex.def Info: cdt/theme/headerEscom.jpg  used on input line 45.
(pdftex.def)             Requested size: 51.33295pt x 35.0pt.
[9 <./MarcoTeorico/imagenes/GPS.jpg>]
Underfull \hbox (badness 10000) in paragraph at lines 46--48

 []


Underfull \hbox (badness 10000) in paragraph at lines 49--50

 []


Underfull \hbox (badness 10000) in paragraph at lines 51--52

 []

<MarcoTeorico/imagenes/GPS1.jpg, id=502, 301.125pt x 276.03125pt>
File: MarcoTeorico/imagenes/GPS1.jpg Graphic file (type jpg)
<use MarcoTeorico/imagenes/GPS1.jpg>
Package pdftex.def Info: MarcoTeorico/imagenes/GPS1.jpg  used on input line 65.

(pdftex.def)             Requested size: 177.42868pt x 162.65063pt.
File: cdt/theme/headerIpn.jpg Graphic file (type jpg)
<use cdt/theme/headerIpn.jpg>
Package pdftex.def Info: cdt/theme/headerIpn.jpg  used on input line 74.
(pdftex.def)             Requested size: 23.60918pt x 35.0pt.
File: cdt/theme/logoEscom.jpg Graphic file (type jpg)
<use cdt/theme/logoEscom.jpg>
Package pdftex.def Info: cdt/theme/logoEscom.jpg  used on input line 74.
(pdftex.def)             Requested size: 51.33295pt x 35.0pt.
[10 <./MarcoTeorico/imagenes/GPS1.jpg>]
Underfull \hbox (badness 10000) in paragraph at lines 90--93

 []


Underfull \hbox (badness 10000) in paragraph at lines 94--96

 []

File: cdt/theme/logoIpn.jpg Graphic file (type jpg)
<use cdt/theme/logoIpn.jpg>
Package pdftex.def Info: cdt/theme/logoIpn.jpg  used on input line 98.
(pdftex.def)             Requested size: 23.60918pt x 35.0pt.
File: cdt/theme/headerEscom.jpg Graphic file (type jpg)
<use cdt/theme/headerEscom.jpg>
Package pdftex.def Info: cdt/theme/headerEscom.jpg  used on input line 98.
(pdftex.def)             Requested size: 51.33295pt x 35.0pt.
[11]
<MarcoTeorico/imagenes/AGPS.png, id=511, 321.2pt x 214.8025pt>
File: MarcoTeorico/imagenes/AGPS.png Graphic file (type png)
<use MarcoTeorico/imagenes/AGPS.png>
Package pdftex.def Info: MarcoTeorico/imagenes/AGPS.png  used on input line 102
.
(pdftex.def)             Requested size: 266.14978pt x 177.99104pt.
)
File: cdt/theme/headerIpn.jpg Graphic file (type jpg)
<use cdt/theme/headerIpn.jpg>
Package pdftex.def Info: cdt/theme/headerIpn.jpg  used on input line 6.
(pdftex.def)             Requested size: 23.60918pt x 35.0pt.
File: cdt/theme/logoEscom.jpg Graphic file (type jpg)
<use cdt/theme/logoEscom.jpg>
Package pdftex.def Info: cdt/theme/logoEscom.jpg  used on input line 6.
(pdftex.def)             Requested size: 51.33295pt x 35.0pt.
 [12 <./MarcoTeorico/imagenes/AGPS.png>] (MarcoTeorico/SensoresCoche.tex
File: cdt/theme/logoIpn.jpg Graphic file (type jpg)
<use cdt/theme/logoIpn.jpg>
Package pdftex.def Info: cdt/theme/logoIpn.jpg  used on input line 37.
(pdftex.def)             Requested size: 23.60918pt x 35.0pt.
File: cdt/theme/headerEscom.jpg Graphic file (type jpg)
<use cdt/theme/headerEscom.jpg>
Package pdftex.def Info: cdt/theme/headerEscom.jpg  used on input line 37.
(pdftex.def)             Requested size: 51.33295pt x 35.0pt.

[13]
File: cdt/theme/headerIpn.jpg Graphic file (type jpg)
<use cdt/theme/headerIpn.jpg>
Package pdftex.def Info: cdt/theme/headerIpn.jpg  used on input line 58.
(pdftex.def)             Requested size: 23.60918pt x 35.0pt.
File: cdt/theme/logoEscom.jpg Graphic file (type jpg)
<use cdt/theme/logoEscom.jpg>
Package pdftex.def Info: cdt/theme/logoEscom.jpg  used on input line 58.
(pdftex.def)             Requested size: 51.33295pt x 35.0pt.
 [14])
File: cdt/theme/logoIpn.jpg Graphic file (type jpg)
<use cdt/theme/logoIpn.jpg>
Package pdftex.def Info: cdt/theme/logoIpn.jpg  used on input line 8.
(pdftex.def)             Requested size: 23.60918pt x 35.0pt.
File: cdt/theme/headerEscom.jpg Graphic file (type jpg)
<use cdt/theme/headerEscom.jpg>
Package pdftex.def Info: cdt/theme/headerEscom.jpg  used on input line 8.
(pdftex.def)             Requested size: 51.33295pt x 35.0pt.
 [15])
File: cdt/theme/headerIpn.jpg Graphic file (type jpg)
<use cdt/theme/headerIpn.jpg>
Package pdftex.def Info: cdt/theme/headerIpn.jpg  used on input line 108.
(pdftex.def)             Requested size: 23.60918pt x 35.0pt.
File: cdt/theme/logoEscom.jpg Graphic file (type jpg)
<use cdt/theme/logoEscom.jpg>
Package pdftex.def Info: cdt/theme/logoEscom.jpg  used on input line 108.
(pdftex.def)             Requested size: 51.33295pt x 35.0pt.
 [16

]
Cap\'{\i }tulo 3.
(Analisis/analisis.tex (Analisis/requerimientos.tex
Underfull \hbox (badness 10000) in paragraph at lines 2--3

 []


Overfull \hbox (10.80923pt too wide) in paragraph at lines 5--5
[]|[]\OT1/cmbr/m/sc/12 Prioridad| 
 []

[17]) (Analisis/sensorTemperatura.tex))
File: cdt/theme/headerIpn.jpg Graphic file (type jpg)
<use cdt/theme/headerIpn.jpg>
Package pdftex.def Info: cdt/theme/headerIpn.jpg  used on input line 112.
(pdftex.def)             Requested size: 23.60918pt x 35.0pt.
File: cdt/theme/logoEscom.jpg Graphic file (type jpg)
<use cdt/theme/logoEscom.jpg>
Package pdftex.def Info: cdt/theme/logoEscom.jpg  used on input line 112.
(pdftex.def)             Requested size: 51.33295pt x 35.0pt.
 [18] [19

] [20]
(DisenoEstructura/disenoEstructura.tex
Cap\'{\i }tulo 4.
(DisenoEstructura/metodologia.tex) [21

]
File: cdt/theme/headerIpn.jpg Graphic file (type jpg)
<use cdt/theme/headerIpn.jpg>
Package pdftex.def Info: cdt/theme/headerIpn.jpg  used on input line 5.
(pdftex.def)             Requested size: 23.60918pt x 35.0pt.
File: cdt/theme/logoEscom.jpg Graphic file (type jpg)
<use cdt/theme/logoEscom.jpg>
Package pdftex.def Info: cdt/theme/logoEscom.jpg  used on input line 5.
(pdftex.def)             Requested size: 51.33295pt x 35.0pt.
 [22

]
Cap\'{\i }tulo 5.
(DisenoEstructura/factibilidad.tex
Underfull \hbox (badness 10000) in paragraph at lines 39--64

 []


Underfull \hbox (badness 10000) in paragraph at lines 65--97

 []


Underfull \hbox (badness 10000) in paragraph at lines 190--254

 []


Underfull \hbox (badness 10000) in paragraph at lines 256--283

 []


Underfull \hbox (badness 10000) in paragraph at lines 284--309

 []

) [23]
File: cdt/theme/headerIpn.jpg Graphic file (type jpg)
<use cdt/theme/headerIpn.jpg>
Package pdftex.def Info: cdt/theme/headerIpn.jpg  used on input line 7.
(pdftex.def)             Requested size: 23.60918pt x 35.0pt.
File: cdt/theme/logoEscom.jpg Graphic file (type jpg)
<use cdt/theme/logoEscom.jpg>
Package pdftex.def Info: cdt/theme/logoEscom.jpg  used on input line 7.
(pdftex.def)             Requested size: 51.33295pt x 35.0pt.
 [24]
Cap\'{\i }tulo 6.
(DisenoEstructura/arquitectura.tex)) [25

]
File: cdt/theme/headerIpn.jpg Graphic file (type jpg)
<use cdt/theme/headerIpn.jpg>
Package pdftex.def Info: cdt/theme/headerIpn.jpg  used on input line 115.
(pdftex.def)             Requested size: 23.60918pt x 35.0pt.
File: cdt/theme/logoEscom.jpg Graphic file (type jpg)
<use cdt/theme/logoEscom.jpg>
Package pdftex.def Info: cdt/theme/logoEscom.jpg  used on input line 115.
(pdftex.def)             Requested size: 51.33295pt x 35.0pt.
 [26

]
Cap\'{\i }tulo 7.
(ModeloNegocios/modelo.tex (ModeloNegocios/reglas.tex
<cdt/uc/rules/BRRule.png, id=591, 890.32625pt x 55.20625pt>
File: cdt/uc/rules/BRRule.png Graphic file (type png)
<use cdt/uc/rules/BRRule.png>
Package pdftex.def Info: cdt/uc/rules/BRRule.png  used on input line 34.
(pdftex.def)             Requested size: 443.57848pt x 27.50449pt.
)
(ModeloNegocios/actores.tex
<ModeloComportamiento/imagenes/Actores.png, id=595, 504.88625pt x 243.91125pt>
File: ModeloComportamiento/imagenes/Actores.png Graphic file (type png)
<use ModeloComportamiento/imagenes/Actores.png>
Package pdftex.def Info: ModeloComportamiento/imagenes/Actores.png  used on inp
ut line 12.
(pdftex.def)             Requested size: 266.14978pt x 128.57637pt.
<cdt/uc/rules/ActorRule.png, id=596, 890.32625pt x 55.20625pt>
File: cdt/uc/rules/ActorRule.png Graphic file (type png)
<use cdt/uc/rules/ActorRule.png>
Package pdftex.def Info: cdt/uc/rules/ActorRule.png  used on input line 19.
(pdftex.def)             Requested size: 443.57848pt x 27.50449pt.
 [27 <./cdt/uc/rules/BRRule.png>]))
(ModeloNegocios/glosario.tex
File: cdt/theme/headerIpn.jpg Graphic file (type jpg)
<use cdt/theme/headerIpn.jpg>
Package pdftex.def Info: cdt/theme/headerIpn.jpg  used on input line 26.
(pdftex.def)             Requested size: 23.60918pt x 35.0pt.
File: cdt/theme/logoEscom.jpg Graphic file (type jpg)
<use cdt/theme/logoEscom.jpg>
Package pdftex.def Info: cdt/theme/logoEscom.jpg  used on input line 26.
(pdftex.def)             Requested size: 51.33295pt x 35.0pt.
 [28 <./ModeloComportamiento/imagenes/Actores.png> <./cdt/uc/rules/ActorRule.pn
g>]
LaTeX Font Info:    Font shape `OT1/cmbr/m/it' in size <12> not available
(Font)              Font shape `OT1/cmbr/m/sl' tried instead on input line 50.
File: cdt/theme/logoIpn.jpg Graphic file (type jpg)
<use cdt/theme/logoIpn.jpg>
Package pdftex.def Info: cdt/theme/logoIpn.jpg  used on input line 59.
(pdftex.def)             Requested size: 23.60918pt x 35.0pt.
File: cdt/theme/headerEscom.jpg Graphic file (type jpg)
<use cdt/theme/headerEscom.jpg>
Package pdftex.def Info: cdt/theme/headerEscom.jpg  used on input line 59.
(pdftex.def)             Requested size: 51.33295pt x 35.0pt.
 [29]
File: cdt/theme/headerIpn.jpg Graphic file (type jpg)
<use cdt/theme/headerIpn.jpg>
Package pdftex.def Info: cdt/theme/headerIpn.jpg  used on input line 96.
(pdftex.def)             Requested size: 23.60918pt x 35.0pt.
File: cdt/theme/logoEscom.jpg Graphic file (type jpg)
<use cdt/theme/logoEscom.jpg>
Package pdftex.def Info: cdt/theme/logoEscom.jpg  used on input line 96.
(pdftex.def)             Requested size: 51.33295pt x 35.0pt.
 [30]
Overfull \hbox (4.07738pt too wide) in paragraph at lines 115--116
[]\OT1/cmbr/m/sc/12 Cantidad de ki-lo-gra-
 []

File: cdt/theme/logoIpn.jpg Graphic file (type jpg)
<use cdt/theme/logoIpn.jpg>
Package pdftex.def Info: cdt/theme/logoIpn.jpg  used on input line 124.
(pdftex.def)             Requested size: 23.60918pt x 35.0pt.
File: cdt/theme/headerEscom.jpg Graphic file (type jpg)
<use cdt/theme/headerEscom.jpg>
Package pdftex.def Info: cdt/theme/headerEscom.jpg  used on input line 124.
(pdftex.def)             Requested size: 51.33295pt x 35.0pt.
[31]
Overfull \hbox (2.35817pt too wide) in paragraph at lines 140--141
[]\OT1/cmbr/m/sc/12 Unidad en que se ex-pre-sa el con-su-mo de energa electr
i-
 []

File: cdt/theme/headerIpn.jpg Graphic file (type jpg)
<use cdt/theme/headerIpn.jpg>
Package pdftex.def Info: cdt/theme/headerIpn.jpg  used on input line 157.
(pdftex.def)             Requested size: 23.60918pt x 35.0pt.
File: cdt/theme/logoEscom.jpg Graphic file (type jpg)
<use cdt/theme/logoEscom.jpg>
Package pdftex.def Info: cdt/theme/logoEscom.jpg  used on input line 157.
(pdftex.def)             Requested size: 51.33295pt x 35.0pt.
[32]
Overfull \hbox (30.90962pt too wide) in paragraph at lines 161--162
[]\OT1/cmbr/m/sc/12 Es el proposi-to ge-ne-ral al que apun-ta el pro-gra-ma en
 ca-da cd-tRefgls:lineaAccionlnea
 []


Overfull \hbox (2.67094pt too wide) in paragraph at lines 173--174
[]\OT1/cmbr/m/sc/12 Nume-ro de per-
 []


Overfull \hbox (5.37097pt too wide) in paragraph at lines 175--176
[]\OT1/cmbr/m/sc/12 Nume-ro de per-
 []

File: cdt/theme/logoIpn.jpg Graphic file (type jpg)
<use cdt/theme/logoIpn.jpg>
Package pdftex.def Info: cdt/theme/logoIpn.jpg  used on input line 183.
(pdftex.def)             Requested size: 23.60918pt x 35.0pt.
File: cdt/theme/headerEscom.jpg Graphic file (type jpg)
<use cdt/theme/headerEscom.jpg>
Package pdftex.def Info: cdt/theme/headerEscom.jpg  used on input line 183.
(pdftex.def)             Requested size: 51.33295pt x 35.0pt.
[33]
File: cdt/theme/headerIpn.jpg Graphic file (type jpg)
<use cdt/theme/headerIpn.jpg>
Package pdftex.def Info: cdt/theme/headerIpn.jpg  used on input line 208.
(pdftex.def)             Requested size: 23.60918pt x 35.0pt.
File: cdt/theme/logoEscom.jpg Graphic file (type jpg)
<use cdt/theme/logoEscom.jpg>
Package pdftex.def Info: cdt/theme/logoEscom.jpg  used on input line 208.
(pdftex.def)             Requested size: 51.33295pt x 35.0pt.
 [34]
Overfull \hbox (3.4707pt too wide) in paragraph at lines 209--210
[]\OT1/cmbr/m/sc/12 Tipos de es-pa-cios ur-ba-nos pre-do-mi-nan-te-men-te ocu-p
a-dos con arbo-
 []

) (ModeloNegocios/informacion.tex
<ModeloNegocios/images/Informacion/DG_Informacion.png, id=788, 1049.9225pt x 81
9.06pt>
File: ModeloNegocios/images/Informacion/DG_Informacion.png Graphic file (type p
ng)
<use ModeloNegocios/images/Informacion/DG_Informacion.png>
Package pdftex.def Info: ModeloNegocios/images/Informacion/DG_Informacion.png  
used on input line 9.
(pdftex.def)             Requested size: 487.93903pt x 380.6465pt.

Overfull \hbox (51.16054pt too wide) in paragraph at lines 9--10
 [] 
 []

<cdt/uc/rules/classRule.png, id=789, 890.32625pt x 55.20625pt>
File: cdt/uc/rules/classRule.png Graphic file (type png)
<use cdt/uc/rules/classRule.png>
Package pdftex.def Info: cdt/uc/rules/classRule.png  used on input line 15.
(pdftex.def)             Requested size: 443.57848pt x 27.50449pt.
File: cdt/theme/logoIpn.jpg Graphic file (type jpg)
<use cdt/theme/logoIpn.jpg>
Package pdftex.def Info: cdt/theme/logoIpn.jpg  used on input line 15.
(pdftex.def)             Requested size: 23.60918pt x 35.0pt.
File: cdt/theme/headerEscom.jpg Graphic file (type jpg)
<use cdt/theme/headerEscom.jpg>
Package pdftex.def Info: cdt/theme/headerEscom.jpg  used on input line 15.
(pdftex.def)             Requested size: 51.33295pt x 35.0pt.
[35]
File: cdt/theme/headerIpn.jpg Graphic file (type jpg)
<use cdt/theme/headerIpn.jpg>
Package pdftex.def Info: cdt/theme/headerIpn.jpg  used on input line 15.
(pdftex.def)             Requested size: 23.60918pt x 35.0pt.
File: cdt/theme/logoEscom.jpg Graphic file (type jpg)
<use cdt/theme/logoEscom.jpg>
Package pdftex.def Info: cdt/theme/logoEscom.jpg  used on input line 15.
(pdftex.def)             Requested size: 51.33295pt x 35.0pt.
 [36 <./ModeloNegocios/images/Informacion/DG_Informacion.png (PNG copy)>]
File: cdt/uc/rules/classRule.png Graphic file (type png)
<use cdt/uc/rules/classRule.png>
Package pdftex.def Info: cdt/uc/rules/classRule.png  used on input line 21.
(pdftex.def)             Requested size: 443.57848pt x 27.50449pt.
File: cdt/uc/rules/classRule.png Graphic file (type png)
<use cdt/uc/rules/classRule.png>
Package pdftex.def Info: cdt/uc/rules/classRule.png  used on input line 26.
(pdftex.def)             Requested size: 443.57848pt x 27.50449pt.
)
File: cdt/theme/logoIpn.jpg Graphic file (type jpg)
<use cdt/theme/logoIpn.jpg>
Package pdftex.def Info: cdt/theme/logoIpn.jpg  used on input line 120.
(pdftex.def)             Requested size: 23.60918pt x 35.0pt.
File: cdt/theme/headerEscom.jpg Graphic file (type jpg)
<use cdt/theme/headerEscom.jpg>
Package pdftex.def Info: cdt/theme/headerEscom.jpg  used on input line 120.
(pdftex.def)             Requested size: 51.33295pt x 35.0pt.

[37 <./cdt/uc/rules/classRule.png>]
File: cdt/theme/headerIpn.jpg Graphic file (type jpg)
<use cdt/theme/headerIpn.jpg>
Package pdftex.def Info: cdt/theme/headerIpn.jpg  used on input line 120.
(pdftex.def)             Requested size: 23.60918pt x 35.0pt.
File: cdt/theme/logoEscom.jpg Graphic file (type jpg)
<use cdt/theme/logoEscom.jpg>
Package pdftex.def Info: cdt/theme/logoEscom.jpg  used on input line 120.
(pdftex.def)             Requested size: 51.33295pt x 35.0pt.
 [38

]
Cap\'{\i }tulo 8.
(ModeloComportamiento/comportamiento.tex
(ModeloComportamiento/modulosSistema.tex
<ModeloComportamiento/imagenes/modulosSistema.png, id=841, 725.71124pt x 421.57
5pt>
File: ModeloComportamiento/imagenes/modulosSistema.png Graphic file (type png)
<use ModeloComportamiento/imagenes/modulosSistema.png>
Package pdftex.def Info: ModeloComportamiento/imagenes/modulosSistema.png  used
 on input line 9.
(pdftex.def)             Requested size: 290.27936pt x 168.627pt.
)
(ModeloComportamiento/comportamientoModulos.tex [39 <./ModeloComportamiento/ima
genes/modulosSistema.png>]
<ModeloComportamiento/imagenes/CasosUso_Usuario.png, id=849, 1041.8925pt x 394.
47375pt>
File: ModeloComportamiento/imagenes/CasosUso_Usuario.png Graphic file (type png
)
<use ModeloComportamiento/imagenes/CasosUso_Usuario.png>
Package pdftex.def Info: ModeloComportamiento/imagenes/CasosUso_Usuario.png  us
ed on input line 7.
(pdftex.def)             Requested size: 399.21791pt x 151.14754pt.
File: cdt/theme/headerIpn.jpg Graphic file (type jpg)
<use cdt/theme/headerIpn.jpg>
Package pdftex.def Info: cdt/theme/headerIpn.jpg  used on input line 11.
(pdftex.def)             Requested size: 23.60918pt x 35.0pt.
File: cdt/theme/logoEscom.jpg Graphic file (type jpg)
<use cdt/theme/logoEscom.jpg>
Package pdftex.def Info: cdt/theme/logoEscom.jpg  used on input line 11.
(pdftex.def)             Requested size: 51.33295pt x 35.0pt.
 [40 <./ModeloComportamiento/imagenes/CasosUso_Usuario.png>]
<ModeloComportamiento/imagenes/CUSistema.png, id=856, 803.0pt x 580.1675pt>
File: ModeloComportamiento/imagenes/CUSistema.png Graphic file (type png)
<use ModeloComportamiento/imagenes/CUSistema.png>
Package pdftex.def Info: ModeloComportamiento/imagenes/CUSistema.png  used on i
nput line 19.
(pdftex.def)             Requested size: 177.42868pt x 128.1861pt.
File: cdt/theme/logoIpn.jpg Graphic file (type jpg)
<use cdt/theme/logoIpn.jpg>
Package pdftex.def Info: cdt/theme/logoIpn.jpg  used on input line 24.
(pdftex.def)             Requested size: 23.60918pt x 35.0pt.
File: cdt/theme/headerEscom.jpg Graphic file (type jpg)
<use cdt/theme/headerEscom.jpg>
Package pdftex.def Info: cdt/theme/headerEscom.jpg  used on input line 24.
(pdftex.def)             Requested size: 51.33295pt x 35.0pt.
 [41

 <./ModeloComportamiento/imagenes/CUSistema.png>]
File: ModeloComportamiento/imagenes/CUSistema.png Graphic file (type png)
<use ModeloComportamiento/imagenes/CUSistema.png>
Package pdftex.def Info: ModeloComportamiento/imagenes/CUSistema.png  used on i
nput line 33.
(pdftex.def)             Requested size: 177.42868pt x 128.1861pt.
File: cdt/theme/headerIpn.jpg Graphic file (type jpg)
<use cdt/theme/headerIpn.jpg>
Package pdftex.def Info: cdt/theme/headerIpn.jpg  used on input line 38.
(pdftex.def)             Requested size: 23.60918pt x 35.0pt.
File: cdt/theme/logoEscom.jpg Graphic file (type jpg)
<use cdt/theme/logoEscom.jpg>
Package pdftex.def Info: cdt/theme/logoEscom.jpg  used on input line 38.
(pdftex.def)             Requested size: 51.33295pt x 35.0pt.
 [42

])
(ModeloComportamiento/AplicacionMovil/comportamiento.tex
(ModeloComportamiento/AplicacionMovil/cu1/cu.tex
File: cdt/theme/logoIpn.jpg Graphic file (type jpg)
<use cdt/theme/logoIpn.jpg>
Package pdftex.def Info: cdt/theme/logoIpn.jpg  used on input line 4.
(pdftex.def)             Requested size: 23.60918pt x 35.0pt.
File: cdt/theme/headerEscom.jpg Graphic file (type jpg)
<use cdt/theme/headerEscom.jpg>
Package pdftex.def Info: cdt/theme/headerEscom.jpg  used on input line 4.
(pdftex.def)             Requested size: 51.33295pt x 35.0pt.
 [43

]
Underfull \hbox (badness 10000) in paragraph at lines 15--15
[]|[]\OT1/cmbr/bx/n/12 Fecha del
 []


Underfull \hbox (badness 10000) in paragraph at lines 15--15
\OT1/cmbr/bx/n/12 ulti-mo es-ta-
 []


Overfull \hbox (9.75293pt too wide) in paragraph at lines 44--44
[]|\OT1/cmbr/bx/n/12 Precondiciones:| 
 []


Overfull \hbox (15.2963pt too wide) in paragraph at lines 50--50
[]|\OT1/cmbr/bx/n/12 Postcondiciones:| 
 []

File: cdt/theme/headerIpn.jpg Graphic file (type jpg)
<use cdt/theme/headerIpn.jpg>
Package pdftex.def Info: cdt/theme/headerIpn.jpg  used on input line 64.
(pdftex.def)             Requested size: 23.60918pt x 35.0pt.
File: cdt/theme/logoEscom.jpg Graphic file (type jpg)
<use cdt/theme/logoEscom.jpg>
Package pdftex.def Info: cdt/theme/logoEscom.jpg  used on input line 64.
(pdftex.def)             Requested size: 51.33295pt x 35.0pt.
<cdt/uc/rules/UCRule.png, id=874, 931.48pt x 973.6375pt>
File: cdt/uc/rules/UCRule.png Graphic file (type png)
<use cdt/uc/rules/UCRule.png>
Package pdftex.def Info: cdt/uc/rules/UCRule.png  used on input line 64.
(pdftex.def)             Requested size: 522.16534pt x 545.79782pt.
[44 <./cdt/uc/rules/UCRule.png>]
Underfull \hbox (badness 10000) in paragraph at lines 66--66

 []

<cdt/uc/actor.png, id=883, 96.36pt x 74.2775pt>
File: cdt/uc/actor.png Graphic file (type png)
<use cdt/uc/actor.png>
Package pdftex.def Info: cdt/uc/actor.png  used on input line 67.
(pdftex.def)             Requested size: 14.26958pt x 11.0pt.
<cdt/uc/usecase.png, id=884, 91.34125pt x 61.22874pt>
File: cdt/uc/usecase.png Graphic file (type png)
<use cdt/uc/usecase.png>
Package pdftex.def Info: cdt/uc/usecase.png  used on input line 68.
(pdftex.def)             Requested size: 16.40865pt x 11.0pt.
File: cdt/uc/usecase.png Graphic file (type png)
<use cdt/uc/usecase.png>
Package pdftex.def Info: cdt/uc/usecase.png  used on input line 69.
(pdftex.def)             Requested size: 16.40865pt x 11.0pt.
File: cdt/uc/actor.png Graphic file (type png)
<use cdt/uc/actor.png>
Package pdftex.def Info: cdt/uc/actor.png  used on input line 70.
(pdftex.def)             Requested size: 14.26958pt x 11.0pt.
LaTeX Font Info:    Font shape `OT1/cmbr/m/it' in size <10.95> not available
(Font)              Font shape `OT1/cmbr/m/sl' tried instead on input line 75.
File: cdt/uc/actor.png Graphic file (type png)
<use cdt/uc/actor.png>
Package pdftex.def Info: cdt/uc/actor.png  used on input line 76.
(pdftex.def)             Requested size: 14.26958pt x 11.0pt.
File: cdt/uc/usecase.png Graphic file (type png)
<use cdt/uc/usecase.png>
Package pdftex.def Info: cdt/uc/usecase.png  used on input line 77.
(pdftex.def)             Requested size: 16.40865pt x 11.0pt.
File: cdt/uc/usecase.png Graphic file (type png)
<use cdt/uc/usecase.png>
Package pdftex.def Info: cdt/uc/usecase.png  used on input line 78.
(pdftex.def)             Requested size: 16.40865pt x 11.0pt.
)))
File: cdt/theme/logoIpn.jpg Graphic file (type jpg)
<use cdt/theme/logoIpn.jpg>
Package pdftex.def Info: cdt/theme/logoIpn.jpg  used on input line 123.
(pdftex.def)             Requested size: 23.60918pt x 35.0pt.
File: cdt/theme/headerEscom.jpg Graphic file (type jpg)
<use cdt/theme/headerEscom.jpg>
Package pdftex.def Info: cdt/theme/headerEscom.jpg  used on input line 123.
(pdftex.def)             Requested size: 51.33295pt x 35.0pt.
 [45 <./cdt/uc/actor.png> <./cdt/uc/usecase.png>]
File: cdt/theme/headerIpn.jpg Graphic file (type jpg)
<use cdt/theme/headerIpn.jpg>
Package pdftex.def Info: cdt/theme/headerIpn.jpg  used on input line 123.
(pdftex.def)             Requested size: 23.60918pt x 35.0pt.
File: cdt/theme/logoEscom.jpg Graphic file (type jpg)
<use cdt/theme/logoEscom.jpg>
Package pdftex.def Info: cdt/theme/logoEscom.jpg  used on input line 123.
(pdftex.def)             Requested size: 51.33295pt x 35.0pt.
 [46

]
Cap\'{\i }tulo 9.
(ModeloInteraccion/interaccion.tex
Underfull \hbox (badness 10000) in paragraph at lines 10--17

 []


Underfull \hbox (badness 10000) in paragraph at lines 10--17

 []


Underfull \hbox (badness 10000) in paragraph at lines 10--17

 []


Underfull \hbox (badness 10000) in paragraph at lines 10--17

 []


Underfull \hbox (badness 10000) in paragraph at lines 10--17

 []


Underfull \hbox (badness 10000) in paragraph at lines 10--17

 []


Underfull \hbox (badness 10000) in paragraph at lines 10--17

 []


Underfull \hbox (badness 10000) in paragraph at lines 10--17

 []

[47] (ModeloInteraccion/interfaces.tex
(ModeloComportamiento/AplicacionMovil/cu1/iu.tex
Underfull \hbox (badness 10000) in paragraph at lines 8--9

 []


Underfull \hbox (badness 10000) in paragraph at lines 10--11

 []

<images/iconos/registrar.png, id=918, 96.36pt x 96.36pt>
File: images/iconos/registrar.png Graphic file (type png)
<use images/iconos/registrar.png>
Package pdftex.def Info: images/iconos/registrar.png  used on input line 12.
(pdftex.def)             Requested size: 9.99973pt x 10.0pt.
<images/../ModeloComportamiento/AplicacionMovil/cu1/iu1.png, id=919, 378.41376p
t x 667.49374pt>
File: images/../ModeloComportamiento/AplicacionMovil/cu1/iu1.png Graphic file (
type png)
<use images/../ModeloComportamiento/AplicacionMovil/cu1/iu1.png>
Package pdftex.def Info: images/../ModeloComportamiento/AplicacionMovil/cu1/iu1
.png  used on input line 15.
(pdftex.def)             Requested size: 266.14978pt x 469.47299pt.
File: images/iconos/registrar.png Graphic file (type png)
<use images/iconos/registrar.png>
Package pdftex.def Info: images/iconos/registrar.png  used on input line 19.
(pdftex.def)             Requested size: 9.99973pt x 10.0pt.
File: cdt/theme/headerIpn.jpg Graphic file (type jpg)
<use cdt/theme/headerIpn.jpg>
Package pdftex.def Info: cdt/theme/headerIpn.jpg  used on input line 21.
(pdftex.def)             Requested size: 23.60918pt x 35.0pt.
File: cdt/theme/logoEscom.jpg Graphic file (type jpg)
<use cdt/theme/logoEscom.jpg>
Package pdftex.def Info: cdt/theme/logoEscom.jpg  used on input line 21.
(pdftex.def)             Requested size: 51.33295pt x 35.0pt.
[48 <./images/iconos/registrar.png>]
File: cdt/theme/logoIpn.jpg Graphic file (type jpg)
<use cdt/theme/logoIpn.jpg>
Package pdftex.def Info: cdt/theme/logoIpn.jpg  used on input line 21.
(pdftex.def)             Requested size: 23.60918pt x 35.0pt.
File: cdt/theme/headerEscom.jpg Graphic file (type jpg)
<use cdt/theme/headerEscom.jpg>
Package pdftex.def Info: cdt/theme/headerEscom.jpg  used on input line 21.
(pdftex.def)             Requested size: 51.33295pt x 35.0pt.
 [49 <./images/../ModeloComportamiento/AplicacionMovil/cu1/iu1.png>])) (ModeloI
nteraccion/mensajes.tex
Underfull \hbox (badness 10000) in paragraph at lines 9--13

 []

File: cdt/theme/headerIpn.jpg Graphic file (type jpg)
<use cdt/theme/headerIpn.jpg>
Package pdftex.def Info: cdt/theme/headerIpn.jpg  used on input line 34.
(pdftex.def)             Requested size: 23.60918pt x 35.0pt.
File: cdt/theme/logoEscom.jpg Graphic file (type jpg)
<use cdt/theme/logoEscom.jpg>
Package pdftex.def Info: cdt/theme/logoEscom.jpg  used on input line 34.
(pdftex.def)             Requested size: 51.33295pt x 35.0pt.
[50

]
<cdt/uc/rules/MsgRule.png, id=939, 853.1875pt x 86.3225pt>
File: cdt/uc/rules/MsgRule.png Graphic file (type png)
<use cdt/uc/rules/MsgRule.png>
Package pdftex.def Info: cdt/uc/rules/MsgRule.png  used on input line 47.
(pdftex.def)             Requested size: 443.57848pt x 44.88004pt.
File: cdt/theme/logoIpn.jpg Graphic file (type jpg)
<use cdt/theme/logoIpn.jpg>
Package pdftex.def Info: cdt/theme/logoIpn.jpg  used on input line 59.
(pdftex.def)             Requested size: 23.60918pt x 35.0pt.
File: cdt/theme/headerEscom.jpg Graphic file (type jpg)
<use cdt/theme/headerEscom.jpg>
Package pdftex.def Info: cdt/theme/headerEscom.jpg  used on input line 59.
(pdftex.def)             Requested size: 51.33295pt x 35.0pt.
 [51 <./cdt/uc/rules/MsgRule.png>]))
File: cdt/theme/headerIpn.jpg Graphic file (type jpg)
<use cdt/theme/headerIpn.jpg>
Package pdftex.def Info: cdt/theme/headerIpn.jpg  used on input line 128.
(pdftex.def)             Requested size: 23.60918pt x 35.0pt.
File: cdt/theme/logoEscom.jpg Graphic file (type jpg)
<use cdt/theme/logoEscom.jpg>
Package pdftex.def Info: cdt/theme/logoEscom.jpg  used on input line 128.
(pdftex.def)             Requested size: 51.33295pt x 35.0pt.
 [52] [53

] [54]
Cap\'{\i }tulo 10.
(AvancesPruebas/pruebas.tex (AvancesPruebas/pruebaSensorPulso.tex
Underfull \hbox (badness 10000) in paragraph at lines 5--6

 []

[55

]))
File: cdt/theme/headerIpn.jpg Graphic file (type jpg)
<use cdt/theme/headerIpn.jpg>
Package pdftex.def Info: cdt/theme/headerIpn.jpg  used on input line 178.
(pdftex.def)             Requested size: 23.60918pt x 35.0pt.
File: cdt/theme/logoEscom.jpg Graphic file (type jpg)
<use cdt/theme/logoEscom.jpg>
Package pdftex.def Info: cdt/theme/logoEscom.jpg  used on input line 178.
(pdftex.def)             Requested size: 51.33295pt x 35.0pt.
 [56] (referencias.tex
LaTeX Font Info:    Try loading font information for OT1+cmtl on input line 4.

("C:\Program Files\MiKTeX 2.9\tex/latex/cmbright\ot1cmtl.fd"
File: ot1cmtl.fd 2005/04/13 v8.1 (WaS)
))
Package atveryend Info: Empty hook `BeforeClearDocument' on input line 188.
 [57

]
Package atveryend Info: Empty hook `AfterLastShipout' on input line 188.

(analisis.aux
LaTeX Info: Redefining \. on input line 23.
LaTeX Info: Redefining \% on input line 23.
)
Package atveryend Info: Executing hook `AtVeryEndDocument' on input line 188.
Package atveryend Info: Executing hook `AtEndAfterFileList' on input line 188.
Package rerunfilecheck Info: File `analisis.out' has not changed.
(rerunfilecheck)             Checksum: DFCE143AA503D37F2031345C29AE6BD0;4909.


LaTeX Font Warning: Some font shapes were not available, defaults substituted.


LaTeX Warning: There were multiply-defined labels.

Package atveryend Info: Empty hook `AtVeryVeryEnd' on input line 188.
 ) 
Here is how much of TeX's memory you used:
 11416 strings out of 492946
 166520 string characters out of 3135524
 295793 words of memory out of 3000000
 14674 multiletter control sequences out of 15000+200000
 10888 words of font info for 39 fonts, out of 3000000 for 9000
 1141 hyphenation exceptions out of 8191
 60i,18n,51p,1347b,682s stack positions out of 5000i,500n,10000p,200000b,50000s
pdfTeX warning (dest): name{IU2} has been referenced but does not exist, repl
aced by a fixed one

pdfTeX warning (dest): name{CU3} has been referenced but does not exist, replac
ed by a fixed one

pdfTeX warning (dest): name{actor:usuario} has been referenced but does not exi
st, replaced by a fixed one

pdfTeX warning (dest): name{escuela:cct} has been referenced but does not exist
, replaced by a fixed one

pdfTeX warning (dest): name{CU4} has been referenced but does not exist, replac
ed by a fixed one

pdfTeX warning (dest): name{CU2} has been referenced but does not exist, replac
ed by a fixed one

 <C:\Users\Adrian\AppData\Local\MiKTeX\2.9\fonts/pk/ljfour/public/cmbright/dpi7
20\cmtl10.pk> <C:\Users\Adrian\AppData\Local\MiKTeX\2.9\fonts/pk/ljfour/public/
cmbright/dpi657\cmbrsl10.pk> <C:\Users\Adrian\AppData\Local\MiKTeX\2.9\fonts/pk
/ljfour/public/cmbright/dpi657\cmbrbx10.pk> <C:\Users\Adrian\AppData\Local\MiKT
eX\2.9\fonts/pk/ljfour/public/cmbright/dpi720\cmbrsl10.pk> <C:\Users\Adrian\App
Data\Local\MiKTeX\2.9\fonts/pk/ljfour/public/cmbright/dpi1493\cmbrbx10.pk> <C:\
Users\Adrian\AppData\Local\MiKTeX\2.9\fonts/pk/ljfour/public/cmbright/dpi720\cm
brmi10.pk> <C:\Users\Adrian\AppData\Local\MiKTeX\2.9\fonts/pk/ljfour/public/cmb
right/dpi720\cmbrsy10.pk> <C:\Users\Adrian\AppData\Local\MiKTeX\2.9\fonts/pk/lj
four/public/cmbright/dpi1037\cmbrbx10.pk> <C:\Users\Adrian\AppData\Local\MiKTeX
\2.9\fonts/pk/ljfour/public/cmbright/dpi864\cmbr17.pk> <C:\Users\Adrian\AppData
\Local\MiKTeX\2.9\fonts/pk/ljfour/public/cmbright/dpi864\cmbrbx10.pk> <C:\Users
\Adrian\AppData\Local\MiKTeX\2.9\fonts/pk/ljfour/public/cmbright/dpi600\cmbr8.p
k> <C:\Users\Adrian\AppData\Local\MiKTeX\2.9\fonts/pk/ljfour/public/cmbright/dp
i720\cmbrbx10.pk> <C:\Users\Adrian\AppData\Local\MiKTeX\2.9\fonts/pk/ljfour/pub
lic/cmbright/dpi600\cmbr17.pk> <C:\Users\Adrian\AppData\Local\MiKTeX\2.9\fonts/
pk/ljfour/public/cmbright/dpi450\cmbr8.pk> <C:\Users\Adrian\AppData\Local\MiKTe
X\2.9\fonts/pk/ljfour/public/cmbright/dpi720\cmbr10.pk>
Output written on analisis.pdf (67 pages, 1467062 bytes).
PDF statistics:
 1553 PDF objects out of 1728 (max. 8388607)
 288 named destinations out of 1000 (max. 500000)
 698 words of extra memory for PDF output out of 10000 (max. 10000000)

